2025-02-18 22:36:20,187 - __main__ - INFO - Logging initialized.
2025-02-18 22:36:20,187 - __main__ - INFO - Clips found in configuration: [[150, 168]]
2025-02-18 22:36:20,187 - __main__ - INFO - Clips extracted from configuration: [[150, 168]]
2025-02-18 22:36:20,187 - __main__ - DEBUG - Detailed clips info: [
  [
    150,
    168
  ]
]
2025-02-18 22:36:20,187 - __main__ - INFO - Processing clip: 150-168 to input_clip_150_168.mp4
2025-02-18 22:36:20,194 - __main__ - ERROR - An unexpected error occurred: gst_parse_error: could not link videoconvert0 to mux (3)
2025-02-18 22:36:20,194 - __main__ - DEBUG - Traceback (most recent call last):
  File "/Users/mymac/Desktop/bashful-backup/data/1.gi.py", line 100, in <module>
    run_gstreamer(input_video_path, start_time, end_time, output_file)
    ~~~~~~~~~~~~~^^^^^^^^^^^^^^^^^^^^^^^^^^^^^^^^^^^^^^^^^^^^^^^^^^^^^
  File "/Users/mymac/Desktop/bashful-backup/data/1.gi.py", line 53, in run_gstreamer
    pipeline = Gst.parse_launch(f'filesrc location={input_file} ! decodebin name=dec '
                                f'! queue ! videoconvert ! mp4mux name=mux ! filesink location={output_file} '
                                f'dec. ! queue ! audioconvert ! audioresample ! mux.')
gi.repository.GLib.GError: gst_parse_error: could not link videoconvert0 to mux (3)

2025-02-18 22:42:52,520 - __main__ - INFO - Logging initialized.
2025-02-18 22:42:52,520 - __main__ - INFO - Clips found in configuration: [[150, 168]]
2025-02-18 22:42:52,520 - __main__ - INFO - Clips extracted from configuration: [[150, 168]]
2025-02-18 22:42:52,520 - __main__ - DEBUG - Detailed clips info: [
  [
    150,
    168
  ]
]
2025-02-18 22:42:52,520 - __main__ - INFO - Processing clip: 150-168 to input_clip_150_168.mp4
2025-02-18 22:42:52,546 - __main__ - ERROR - An unexpected error occurred: gst_parse_error: could not link videoconvert0 to mux, mux can't handle caps video/x-raw (3)
2025-02-18 22:42:52,547 - __main__ - DEBUG - Traceback (most recent call last):
  File "/Users/mymac/Desktop/bashful-backup/data/1.gi.py", line 101, in <module>
    run_gstreamer(input_video_path, start_time, end_time, output_file)
    ~~~~~~~~~~~~~^^^^^^^^^^^^^^^^^^^^^^^^^^^^^^^^^^^^^^^^^^^^^^^^^^^^^
  File "/Users/mymac/Desktop/bashful-backup/data/1.gi.py", line 53, in run_gstreamer
    pipeline = Gst.parse_launch(f'filesrc location={input_file} ! decodebin name=dec '
                                f'! queue ! videoconvert ! video/x-raw ! mp4mux name=mux ! filesink location={output_file} '
                                f'dec. ! queue ! audioconvert ! audio/x-raw ! audioresample ! mux.')
gi.repository.GLib.GError: gst_parse_error: could not link videoconvert0 to mux, mux can't handle caps video/x-raw (3)

2025-02-18 23:25:11,350 - __main__ - INFO - Logging initialized.
2025-02-18 23:25:11,351 - __main__ - INFO - Clips found in configuration: [[150, 168]]
2025-02-18 23:25:11,351 - __main__ - INFO - Clips extracted from configuration: [[150, 168]]
2025-02-18 23:25:11,351 - __main__ - DEBUG - Detailed clips info: [
  [
    150,
    168
  ]
]
2025-02-18 23:25:11,351 - __main__ - INFO - Processing clip: 150-168 to input_clip_150_168.mp4
2025-02-18 23:25:11,371 - __main__ - ERROR - Error processing video clip: gst_parse_error: could not link videoconvert0 to mux, mux can't handle caps video/x-raw (3)
2025-02-18 23:25:11,371 - __main__ - DEBUG - Traceback (most recent call last):
  File "/Users/mymac/Desktop/bashful-backup/data/2.gi.py", line 54, in run_gstreamer
    pipeline = Gst.parse_launch(f'filesrc location={input_file} ! decodebin name=dec '
                                f'! queue ! videoconvert ! video/x-raw ! mp4mux name=mux ! filesink location={output_file} '
                                f'dec. ! queue ! audioconvert ! audio/x-raw ! audioresample ! mux.')
gi.repository.GLib.GError: gst_parse_error: could not link videoconvert0 to mux, mux can't handle caps video/x-raw (3)

2025-02-18 23:25:11,371 - __main__ - INFO - Clips processing completed.
2025-02-18 23:28:42,576 - __main__ - INFO - Logging initialized.
2025-02-18 23:28:42,576 - __main__ - INFO - Clips found in configuration: [[150, 168]]
2025-02-18 23:28:42,576 - __main__ - INFO - Clips extracted from configuration: [[150, 168]]
2025-02-18 23:28:42,576 - __main__ - DEBUG - Detailed clips info: [
  [
    150,
    168
  ]
]
2025-02-18 23:28:42,576 - __main__ - INFO - Processing clip: 150-168 to input_clip_150_168.mp4
2025-02-18 23:28:42,595 - __main__ - ERROR - Error processing video clip: gst_parse_error: no element "voaacenc" (1)
2025-02-18 23:28:42,595 - __main__ - DEBUG - Traceback (most recent call last):
  File "/Users/mymac/Desktop/bashful-backup/data/2.gi.py", line 54, in run_gstreamer
    pipeline = Gst.parse_launch(f'filesrc location={input_file} ! decodebin name=dec '
                        f'! queue ! videoconvert ! x264enc ! video/x-h264 ! mp4mux name=mux ! filesink location={output_file} '
                        f'dec. ! queue ! audioconvert ! audio/x-raw ! audioresample ! voaacenc ! mux.')
gi.repository.GLib.GError: gst_parse_error: no element "voaacenc" (1)

2025-02-18 23:28:42,595 - __main__ - INFO - Clips processing completed.
2025-02-18 23:31:46,959 - __main__ - INFO - Logging initialized.
2025-02-18 23:31:46,959 - __main__ - INFO - Clips found in configuration: [[150, 168]]
2025-02-18 23:31:46,959 - __main__ - INFO - Clips extracted from configuration: [[150, 168]]
2025-02-18 23:31:46,959 - __main__ - DEBUG - Detailed clips info: [
  [
    150,
    168
  ]
]
2025-02-18 23:31:46,959 - __main__ - INFO - Processing clip: 150-168 to input_clip_150_168.mp4
2025-02-18 23:31:46,982 - __main__ - INFO - Created GStreamer pipeline for input.mp4.
2025-02-18 23:31:46,982 - __main__ - INFO - Pipeline set to PLAYING state.
2025-02-18 23:31:46,985 - __main__ - INFO - Sent seek event to start at 150 seconds.
2025-02-18 23:32:26,245 - __main__ - INFO - End of stream reached at 168 seconds.
2025-02-18 23:32:26,262 - __main__ - INFO - Pipeline set to NULL state after processing input.mp4.
2025-02-18 23:32:26,262 - __main__ - INFO - Clips processing completed.
2025-02-18 23:35:17,730 - __main__ - INFO - Logging initialized.
2025-02-18 23:35:17,730 - __main__ - INFO - Clips found in configuration: [[150, 168]]
2025-02-18 23:35:17,730 - __main__ - INFO - Clips extracted from configuration: [[150, 168]]
2025-02-18 23:35:17,730 - __main__ - DEBUG - Detailed clips info: [
  [
    150,
    168
  ]
]
2025-02-18 23:35:17,730 - __main__ - INFO - Processing clip: 150-168 to input_clip_150_168.mp4
2025-02-18 23:35:17,739 - __main__ - INFO - Created GStreamer pipeline for input.mp4.
2025-02-18 23:35:17,740 - __main__ - INFO - Pipeline set to PLAYING state.
2025-02-18 23:35:17,741 - __main__ - INFO - Sent seek event to start at 150 seconds.
2025-02-18 23:35:56,016 - __main__ - INFO - End of stream reached at 168 seconds.
2025-02-18 23:35:56,031 - __main__ - INFO - Pipeline set to NULL state after processing input.mp4.
2025-02-18 23:35:56,031 - __main__ - INFO - Clips processing completed.
