2024-12-27 20:59:25,405 - __main__ - INFO - Added library path: /Users/mymac/Desktop/frobnitz-main/lib/python_utils
2024-12-27 20:59:25,407 - __main__ - ERROR - Failed to import add_watermark: No module named 'moviepy'
2024-12-27 21:06:02,682 - __main__ - INFO - Added library path: /Users/mymac/Desktop/frobnitz-main/lib/python_utils
2024-12-27 21:06:02,683 - __main__ - ERROR - Failed to import add_watermark: No module named 'moviepy'
2024-12-27 21:07:22,418 - __main__ - INFO - Added library path: /Users/mymac/Desktop/frobnitz-main/lib/python_utils
2024-12-27 21:07:22,781 - __main__ - INFO - Watermarking script started.
2024-12-27 21:07:22,782 - __main__ - INFO - Processing video file: /Volumes/BallardT1/2024-12-27/Kemper_Crabb_-_Topic_20150530_1.webm
2024-12-27 21:07:22,782 - __main__ - INFO - Looking for metadata file: /Volumes/BallardT1/2024-12-27/Kemper_Crabb_-_Topic_20150530_1.json
2024-12-27 21:07:22,785 - __main__ - INFO - Loaded metadata from: /Volumes/BallardT1/2024-12-27/Kemper_Crabb_-_Topic_20150530_1.json
2024-12-27 21:07:22,785 - __main__ - INFO - Starting watermarking process...
2024-12-27 21:09:56,706 - __main__ - INFO - Watermarked video created successfully: /Volumes/BallardT1/2024-12-27/Kemper_Crabb_-_Topic_20150530_1_watermarked.webm
2024-12-27 21:10:50,876 - __main__ - INFO - Added library path: /Users/mymac/Desktop/frobnitz-main/lib/python_utils
2024-12-27 21:10:51,012 - __main__ - INFO - Watermarking script started.
2024-12-27 21:10:51,012 - __main__ - INFO - Processing video file: /Volumes/BallardT1/2024-12-27/Kemper_Crabb_-_Topic_20150530_2.webm
2024-12-27 21:10:51,013 - __main__ - INFO - Looking for metadata file: /Volumes/BallardT1/2024-12-27/Kemper_Crabb_-_Topic_20150530_2.json
2024-12-27 21:10:51,013 - __main__ - INFO - Loaded metadata from: /Volumes/BallardT1/2024-12-27/Kemper_Crabb_-_Topic_20150530_2.json
2024-12-27 21:10:51,013 - __main__ - INFO - Starting watermarking process...
2024-12-27 21:13:16,155 - __main__ - INFO - Watermarked video created successfully: /Volumes/BallardT1/2024-12-27/Kemper_Crabb_-_Topic_20150530_2_watermarked.webm
2024-12-27 21:14:12,883 - __main__ - INFO - Added library path: /Users/mymac/Desktop/frobnitz-main/lib/python_utils
2024-12-27 21:14:13,017 - __main__ - INFO - Watermarking script started.
2024-12-27 21:14:13,017 - __main__ - INFO - Processing video file: /Volumes/BallardT1/2024-12-27/Kemper_Crabb_-_Topic_20150530_3.webm
2024-12-27 21:14:13,018 - __main__ - INFO - Looking for metadata file: /Volumes/BallardT1/2024-12-27/Kemper_Crabb_-_Topic_20150530_3.json
2024-12-27 21:14:13,018 - __main__ - INFO - Loaded metadata from: /Volumes/BallardT1/2024-12-27/Kemper_Crabb_-_Topic_20150530_3.json
2024-12-27 21:14:13,018 - __main__ - INFO - Starting watermarking process...
2024-12-27 21:16:29,455 - __main__ - INFO - Watermarked video created successfully: /Volumes/BallardT1/2024-12-27/Kemper_Crabb_-_Topic_20150530_3_watermarked.webm
2024-12-27 21:21:36,956 - __main__ - INFO - Added library path: /Users/mymac/Desktop/frobnitz-main/lib/python_utils
2024-12-27 21:21:37,094 - __main__ - INFO - Watermarking script started.
2024-12-27 21:21:37,094 - __main__ - INFO - Processing video file: /Volumes/BallardT1/2024-12-27/Kemper_Crabb_-_Topic_20150530_4.webm
2024-12-27 21:21:37,094 - __main__ - INFO - Looking for metadata file: /Volumes/BallardT1/2024-12-27/Kemper_Crabb_-_Topic_20150530_4.json
2024-12-27 21:21:37,094 - __main__ - INFO - Loaded metadata from: /Volumes/BallardT1/2024-12-27/Kemper_Crabb_-_Topic_20150530_4.json
2024-12-27 21:21:37,094 - __main__ - INFO - Starting watermarking process...
2024-12-27 21:23:59,374 - __main__ - INFO - Watermarked video created successfully: /Volumes/BallardT1/2024-12-27/Kemper_Crabb_-_Topic_20150530_4_watermarked.webm
2024-12-27 21:39:57,405 - __main__ - INFO - Added library path: /Users/mymac/Desktop/frobnitz-main/lib/python_utils
2024-12-27 21:39:57,554 - __main__ - INFO - Watermarking script started.
2024-12-27 21:39:57,554 - __main__ - INFO - Processing video file: /Volumes/BallardT1/2024-12-27/Kemper_Crabb_-_Topic_20150530_5.webm
2024-12-27 21:39:57,554 - __main__ - INFO - Looking for metadata file: /Volumes/BallardT1/2024-12-27/Kemper_Crabb_-_Topic_20150530_5.json
2024-12-27 21:39:57,554 - __main__ - INFO - Loaded metadata from: /Volumes/BallardT1/2024-12-27/Kemper_Crabb_-_Topic_20150530_5.json
2024-12-27 21:39:57,554 - __main__ - INFO - Starting watermarking process...
2024-12-27 21:42:13,489 - __main__ - INFO - Watermarked video created successfully: /Volumes/BallardT1/2024-12-27/Kemper_Crabb_-_Topic_20150530_5_watermarked.webm
2024-12-27 21:47:32,553 - __main__ - INFO - Added library path: /Users/mymac/Desktop/frobnitz-main/lib/python_utils
2024-12-27 21:47:32,701 - __main__ - INFO - Watermarking script started.
2024-12-27 21:47:32,701 - __main__ - INFO - Processing video file: /Volumes/BallardT1/2024-12-27/Kemper_Crabb_-_Topic_20150530_6.webm
2024-12-27 21:47:32,701 - __main__ - INFO - Looking for metadata file: /Volumes/BallardT1/2024-12-27/Kemper_Crabb_-_Topic_20150530_6.json
2024-12-27 21:47:32,701 - __main__ - INFO - Loaded metadata from: /Volumes/BallardT1/2024-12-27/Kemper_Crabb_-_Topic_20150530_6.json
2024-12-27 21:47:32,701 - __main__ - INFO - Starting watermarking process...
2024-12-27 21:49:47,913 - __main__ - INFO - Watermarked video created successfully: /Volumes/BallardT1/2024-12-27/Kemper_Crabb_-_Topic_20150530_6_watermarked.webm
2024-12-27 22:27:45,068 - __main__ - INFO - Added library path: /Users/mymac/Desktop/frobnitz-main/lib/python_utils
2024-12-27 22:27:45,221 - __main__ - INFO - Watermarking script started.
2024-12-27 22:27:45,222 - __main__ - INFO - Processing video file: /Volumes/BallardT1/2024-12-27/Kemper_Crabb_-_Topic_20150530_7.webm
2024-12-27 22:27:45,222 - __main__ - INFO - Looking for metadata file: /Volumes/BallardT1/2024-12-27/Kemper_Crabb_-_Topic_20150530_7.json
2024-12-27 22:27:45,222 - __main__ - INFO - Loaded metadata from: /Volumes/BallardT1/2024-12-27/Kemper_Crabb_-_Topic_20150530_7.json
2024-12-27 22:27:45,222 - __main__ - INFO - Starting watermarking process...
2024-12-27 22:30:05,321 - __main__ - INFO - Watermarked video created successfully: /Volumes/BallardT1/2024-12-27/Kemper_Crabb_-_Topic_20150530_7_watermarked.webm
2024-12-27 22:44:09,678 - __main__ - INFO - Added library path: /Users/mymac/Desktop/frobnitz-main/lib/python_utils
2024-12-27 22:44:09,835 - __main__ - INFO - Watermarking script started.
2024-12-27 22:44:09,835 - __main__ - INFO - Processing video file: /Volumes/BallardT1/2024-12-27/Kemper_Crabb_-_Topic_20150530_8.webm
2024-12-27 22:44:09,835 - __main__ - INFO - Looking for metadata file: /Volumes/BallardT1/2024-12-27/Kemper_Crabb_-_Topic_20150530_8.json
2024-12-27 22:44:09,835 - __main__ - INFO - Loaded metadata from: /Volumes/BallardT1/2024-12-27/Kemper_Crabb_-_Topic_20150530_8.json
2024-12-27 22:44:09,835 - __main__ - INFO - Starting watermarking process...
2024-12-27 22:46:24,666 - __main__ - INFO - Watermarked video created successfully: /Volumes/BallardT1/2024-12-27/Kemper_Crabb_-_Topic_20150530_8_watermarked.webm
2024-12-27 22:51:54,056 - __main__ - INFO - Added library path: /Users/mymac/Desktop/frobnitz-main/lib/python_utils
2024-12-27 22:51:54,206 - __main__ - INFO - Watermarking script started.
2024-12-27 22:51:54,206 - __main__ - INFO - Processing video file: /Volumes/BallardT1/2024-12-27/Kemper_Crabb_-_Topic_20150530_9.webm
2024-12-27 22:51:54,206 - __main__ - INFO - Looking for metadata file: /Volumes/BallardT1/2024-12-27/Kemper_Crabb_-_Topic_20150530_9.json
2024-12-27 22:51:54,206 - __main__ - INFO - Loaded metadata from: /Volumes/BallardT1/2024-12-27/Kemper_Crabb_-_Topic_20150530_9.json
2024-12-27 22:51:54,206 - __main__ - INFO - Starting watermarking process...
2024-12-27 22:54:08,855 - __main__ - INFO - Watermarked video created successfully: /Volumes/BallardT1/2024-12-27/Kemper_Crabb_-_Topic_20150530_9_watermarked.webm
2024-12-27 22:56:04,916 - __main__ - INFO - Added library path: /Users/mymac/Desktop/frobnitz-main/lib/python_utils
2024-12-27 22:56:05,049 - __main__ - INFO - Watermarking script started.
2024-12-27 22:56:05,049 - __main__ - INFO - Processing video file: /Volumes/BallardT1/2024-12-27/Kemper_Crabb_-_Topic_20150530_10.webm
2024-12-27 22:56:05,049 - __main__ - INFO - Looking for metadata file: /Volumes/BallardT1/2024-12-27/Kemper_Crabb_-_Topic_20150530_10.json
2024-12-27 22:56:05,049 - __main__ - INFO - Loaded metadata from: /Volumes/BallardT1/2024-12-27/Kemper_Crabb_-_Topic_20150530_10.json
2024-12-27 22:56:05,049 - __main__ - INFO - Starting watermarking process...
2024-12-27 22:58:20,812 - __main__ - INFO - Watermarked video created successfully: /Volumes/BallardT1/2024-12-27/Kemper_Crabb_-_Topic_20150530_10_watermarked.webm
2024-12-27 23:08:18,482 - __main__ - INFO - Added library path: /Users/mymac/Desktop/frobnitz-main/lib/python_utils
2024-12-27 23:08:18,633 - __main__ - INFO - Watermarking script started.
2024-12-27 23:08:18,633 - __main__ - INFO - Processing video file: /Volumes/BallardT1/2024-12-27/Kemper_Crabb_-_Topic_20150530_11.webm
2024-12-27 23:08:18,633 - __main__ - INFO - Looking for metadata file: /Volumes/BallardT1/2024-12-27/Kemper_Crabb_-_Topic_20150530_11.json
2024-12-27 23:08:18,633 - __main__ - INFO - Loaded metadata from: /Volumes/BallardT1/2024-12-27/Kemper_Crabb_-_Topic_20150530_11.json
2024-12-27 23:08:18,633 - __main__ - INFO - Starting watermarking process...
2024-12-27 23:10:32,720 - __main__ - INFO - Watermarked video created successfully: /Volumes/BallardT1/2024-12-27/Kemper_Crabb_-_Topic_20150530_11_watermarked.webm
2024-12-28 02:45:58,955 - __main__ - INFO - Added library path: /home/fritz/Desktop/frobnitz-main/lib/python_utils
2024-12-28 02:46:01,660 - __main__ - INFO - Watermarking script started.
2024-12-28 02:46:01,661 - __main__ - INFO - Processing video file: /media/fritz/E4B0-3FC21/2024-12-28/Kemper_Crabb_-_Topic_20150530.webm
2024-12-28 02:46:01,661 - __main__ - INFO - Looking for metadata file: /media/fritz/E4B0-3FC21/2024-12-28/Kemper_Crabb_-_Topic_20150530.json
2024-12-28 02:46:01,662 - __main__ - INFO - Loaded metadata from: /media/fritz/E4B0-3FC21/2024-12-28/Kemper_Crabb_-_Topic_20150530.json
2024-12-28 02:46:01,662 - __main__ - INFO - Starting watermarking process...
2024-12-28 02:53:49,630 - __main__ - INFO - Watermarked video created successfully: /media/fritz/E4B0-3FC21/2024-12-28/Kemper_Crabb_-_Topic_20150530_watermarked.webm
2024-12-28 02:57:23,042 - __main__ - INFO - Added library path: /home/fritz/Desktop/frobnitz-main/lib/python_utils
2024-12-28 02:57:23,261 - __main__ - INFO - Watermarking script started.
2024-12-28 02:57:23,261 - __main__ - INFO - Processing video file: /media/fritz/E4B0-3FC21/2024-12-28/Kemper_Crabb_-_Topic_20150530_1.webm
2024-12-28 02:57:23,261 - __main__ - INFO - Looking for metadata file: /media/fritz/E4B0-3FC21/2024-12-28/Kemper_Crabb_-_Topic_20150530_1.json
2024-12-28 02:57:23,261 - __main__ - INFO - Loaded metadata from: /media/fritz/E4B0-3FC21/2024-12-28/Kemper_Crabb_-_Topic_20150530_1.json
2024-12-28 02:57:23,262 - __main__ - INFO - Starting watermarking process...
2024-12-28 03:04:59,684 - __main__ - INFO - Watermarked video created successfully: /media/fritz/E4B0-3FC21/2024-12-28/Kemper_Crabb_-_Topic_20150530_1_watermarked.webm
